<?xml version="1.0" encoding="UTF-8"?>
<!-- Generated by org.testng.reporters.JUnitReportReporter -->
<testsuite skipped="0" hostname="DESKTOP-HFUG0EO" name="com.api.PUTmethod_multiData" tests="4" failures="0" timestamp="29 Dec 2022 03:16:05 GMT" time="6.412" errors="0">
  <testcase name="putmultiData" time="3.243" classname="com.api.PUTmethod_multiData"/>
  <testcase name="putmultiData" time="2.139" classname="com.api.PUTmethod_multiData"/>
  <testcase name="putmultiData" time="0.501" classname="com.api.PUTmethod_multiData"/>
  <testcase name="putmultiData" time="0.529" classname="com.api.PUTmethod_multiData"/>
</testsuite> <!-- com.api.PUTmethod_multiData -->
