<?xml version="1.0" encoding="UTF-8"?>
<!-- Generated by org.testng.reporters.JUnitReportReporter -->
<testsuite skipped="0" hostname="DESKTOP-HFUG0EO" name="com.api.Authentication" tests="1" failures="0" timestamp="29 Dec 2022 02:45:42 GMT" time="2.705" errors="0">
  <testcase name="getAutherization" time="2.705" classname="com.api.Authentication"/>
</testsuite> <!-- com.api.Authentication -->
