<?xml version="1.0" encoding="UTF-8"?>
<!-- Generated by org.testng.reporters.JUnitReportReporter -->
<testsuite skipped="0" hostname="DESKTOP-HFUG0EO" name="com.api.Get_GetResponseBodyValues" tests="1" failures="0" timestamp="17 Jan 2023 06:12:44 GMT" time="22.629" errors="0">
  <testcase name="getResposeValues" time="22.629" classname="com.api.Get_GetResponseBodyValues"/>
</testsuite> <!-- com.api.Get_GetResponseBodyValues -->
