<?xml version="1.0" encoding="UTF-8"?>
<!-- Generated by org.testng.reporters.JUnitReportReporter -->
<testsuite hostname="DESKTOP-HFUG0EO" failures="0" tests="1" name="com.api.API_Methods" time="3.157" errors="0" timestamp="17 Nov 2022 10:37:24 GMT" skipped="0">
  <testcase classname="com.api.API_Methods" name="getMehtod" time="3.157"/>
</testsuite> <!-- com.api.API_Methods -->
