<?xml version="1.0" encoding="UTF-8"?>
<!-- Generated by org.testng.reporters.JUnitReportReporter -->
<testsuite skipped="1" hostname="DESKTOP-HFUG0EO" name="com.api.dataProvider.demoApi" tests="1" failures="0" timestamp="29 Dec 2022 04:21:00 GMT" time="0.000" errors="0">
  <testcase name="dataProvider" time="0.000" classname="com.api.dataProvider.demoApi">
    <skipped/>
  </testcase> <!-- dataProvider -->
</testsuite> <!-- com.api.dataProvider.demoApi -->
