<?xml version="1.0" encoding="UTF-8"?>
<!-- Generated by org.testng.reporters.JUnitReportReporter -->
<testsuite skipped="0" hostname="DESKTOP-HFUG0EO" name="com.api.PUT_Method" tests="1" failures="0" timestamp="29 Dec 2022 02:56:22 GMT" time="2.615" errors="0">
  <testcase name="putmethod" time="2.615" classname="com.api.PUT_Method"/>
</testsuite> <!-- com.api.PUT_Method -->
