<?xml version="1.0" encoding="UTF-8"?>
<!-- Generated by org.testng.reporters.JUnitReportReporter -->
<testsuite skipped="0" hostname="DESKTOP-HFUG0EO" name="propertiesFile.LogInTest" tests="1" failures="0" timestamp="2022-12-15T11:43:13 IST" time="10.391" errors="0">
  <testcase name="logIn" time="10.391" classname="propertiesFile.LogInTest"/>
  <system-out/>
</testsuite> <!-- propertiesFile.LogInTest -->
