<?xml version="1.0" encoding="UTF-8"?>
<!-- Generated by org.testng.reporters.JUnitReportReporter -->
<testsuite skipped="0" hostname="DESKTOP-HFUG0EO" name="demo.DemoGuru" tests="4" failures="0" timestamp="2022-12-15T11:14:19 IST" time="31.752" errors="0">
  <testcase name="logIn" time="7.370" classname="demo.DemoGuru"/>
  <system-out/>
  <testcase name="logIn" time="8.810" classname="demo.DemoGuru"/>
  <system-out/>
  <testcase name="logIn" time="11.331" classname="demo.DemoGuru"/>
  <system-out/>
  <testcase name="logIn" time="4.241" classname="demo.DemoGuru"/>
  <system-out/>
</testsuite> <!-- demo.DemoGuru -->
