<?xml version="1.0" encoding="UTF-8"?>
<!-- Generated by org.testng.reporters.JUnitReportReporter -->
<testsuite hostname="DESKTOP-HFUG0EO" failures="0" tests="1" name="Demo.Login" time="32.208" errors="0" timestamp="2022-12-04T15:20:56 IST" skipped="0">
  <testcase classname="Demo.Login" name="checkItems" time="32.208"/>
  <system-out/>
</testsuite> <!-- Demo.Login -->
