<?xml version="1.0" encoding="UTF-8"?>
<!-- Generated by org.testng.reporters.JUnitReportReporter -->
<testsuite skipped="0" hostname="DESKTOP-HFUG0EO" name="com.Tests.SelectProductTest" tests="1" failures="0" timestamp="2022-12-19T18:16:41 IST" time="13.283" errors="0">
  <testcase name="addItemsToCart" time="13.283" classname="com.Tests.SelectProductTest"/>
  <system-out/>
</testsuite> <!-- com.Tests.SelectProductTest -->
