<?xml version="1.0" encoding="UTF-8"?>
<!-- Generated by org.testng.reporters.JUnitReportReporter -->
<testsuite skipped="0" hostname="DESKTOP-HFUG0EO" name="com.Tests.AddToCartTest" tests="6" failures="0" timestamp="2022-12-29T15:45:19 IST" time="50.997" errors="0">
  <testcase name="login" time="15.643" classname="com.Tests.AddToCartTest"/>
  <system-out/>
  <testcase name="login" time="16.547" classname="com.Tests.AddToCartTest"/>
  <system-out/>
  <testcase name="login" time="16.708" classname="com.Tests.AddToCartTest"/>
  <system-out/>
  <testcase name="selectItems" time="0.328" classname="com.Tests.AddToCartTest"/>
  <system-out/>
  <testcase name="selectItems" time="0.448" classname="com.Tests.AddToCartTest"/>
  <system-out/>
  <testcase name="selectItems" time="1.323" classname="com.Tests.AddToCartTest"/>
  <system-out/>
</testsuite> <!-- com.Tests.AddToCartTest -->
