<?xml version="1.0" encoding="UTF-8"?>
<!-- Generated by org.testng.reporters.JUnitReportReporter -->
<testsuite skipped="0" hostname="DESKTOP-HFUG0EO" name="com.Tests.InformationPageTest" tests="1" failures="0" timestamp="2022-12-18T11:06:26 IST" time="11.686" errors="0">
  <testcase name="selectItems" time="11.686" classname="com.Tests.InformationPageTest"/>
  <system-out/>
</testsuite> <!-- com.Tests.InformationPageTest -->
