<?xml version="1.0" encoding="UTF-8"?>
<!-- Generated by org.testng.reporters.JUnitReportReporter -->
<testsuite skipped="0" hostname="DESKTOP-HFUG0EO" name="com.Tests.AddToCartTest" tests="1" failures="0" timestamp="2022-12-18T10:58:58 IST" time="11.730" errors="0">
  <testcase name="selectItems" time="11.730" classname="com.Tests.AddToCartTest"/>
  <system-out/>
</testsuite> <!-- com.Tests.AddToCartTest -->
