<?xml version="1.0" encoding="UTF-8"?>
<!-- Generated by org.testng.reporters.JUnitReportReporter -->
<testsuite skipped="0" hostname="DESKTOP-HFUG0EO" name="com.Tests.InformationPageTest" tests="2" failures="0" timestamp="2022-12-19T17:41:04 IST" time="11.835" errors="0">
  <testcase name="selectItems" time="11.724" classname="com.Tests.InformationPageTest"/>
  <system-out/>
  <testcase name="information" time="0.111" classname="com.Tests.InformationPageTest"/>
  <system-out/>
</testsuite> <!-- com.Tests.InformationPageTest -->
